<?xml version="1.0" encoding="UTF-8"?>
<!-- Generated by org.testng.reporters.JUnitXMLReporter -->
<testsuite ignored="0" hostname="szgn" failures="0" tests="19" name="Command line test" time="1.606" errors="0" timestamp="2022-07-01T00:59:47 TRT">
  <testcase classname="utilities.TestBaseRapor" name="@BeforeTest setUpTest" time="0.469">
    <failure type="java.lang.NoSuchFieldError" message="VERSION_2_3_30">
      <![CDATA[java.lang.NoSuchFieldError: VERSION_2_3_30
at com.aventstack.extentreports.reporter.AbstractFileReporter.loadTemplateModel(AbstractFileReporter.java:54)
at com.aventstack.extentreports.reporter.ExtentSparkReporter.start(ExtentSparkReporter.java:136)
at com.aventstack.extentreports.reporter.ExtentSparkReporter.access$000(ExtentSparkReporter.java:27)
at com.aventstack.extentreports.reporter.ExtentSparkReporter$1.onSubscribe(ExtentSparkReporter.java:116)
at io.reactivex.rxjava3.subjects.PublishSubject.subscribeActual(PublishSubject.java:133)
at io.reactivex.rxjava3.core.Observable.subscribe(Observable.java:13099)
at com.aventstack.extentreports.ReactiveSubject.attachReporter(ReactiveSubject.java:38)
at com.aventstack.extentreports.ExtentReports.attachReporter(ExtentReports.java:66)
at utilities.TestBaseRapor.setUpTest(TestBaseRapor.java:31)
... Removed 30 stack frames]]>
    </failure>
  </testcase> <!-- @BeforeTest setUpTest -->
  <testcase classname="tests.Team34.US_005Test" name="@BeforeClass setUp" time="0.0">
    <skipped/>
  </testcase> <!-- @BeforeClass setUp -->
  <testcase classname="tests.Team34.US_005Test" name="@AfterClass tearDown" time="0.0">
    <skipped/>
  </testcase> <!-- @AfterClass tearDown -->
  <testcase classname="tests.EmreKarasu.US_008Test" name="TC_001_ve_TC_002" time="0.0">
    <skipped/>
  </testcase> <!-- TC_001_ve_TC_002 -->
  <testcase classname="tests.EmreKarasu.US_009Test" name="TC_001_ve_TC_002" time="0.0">
    <skipped/>
  </testcase> <!-- TC_001_ve_TC_002 -->
  <testcase classname="tests.EmreKarasu.US_010Test" name="TC_001_ve_TC_002" time="0.0">
    <skipped/>
  </testcase> <!-- TC_001_ve_TC_002 -->
  <testcase classname="tests.HabibeTurkucu.Us_003Test" name="checkOut" time="0.0">
    <skipped/>
  </testcase> <!-- checkOut -->
  <testcase classname="tests.HabibeTurkucu.Us_003Test" name="ordersBrowse" time="0.001">
    <skipped/>
  </testcase> <!-- ordersBrowse -->
  <testcase classname="tests.HabibeTurkucu.Us_003Test" name="siparisOnaylama" time="0.0">
    <skipped/>
  </testcase> <!-- siparisOnaylama -->
  <testcase classname="tests.HabibeTurkucu.Us_003Test" name="test001" time="0.001">
    <skipped/>
  </testcase> <!-- test001 -->
  <testcase classname="tests.HabibeTurkucu.US_004Test" name="alisveriseDevamEt" time="0.003">
    <skipped/>
  </testcase> <!-- alisveriseDevamEt -->
  <testcase classname="tests.HabibeTurkucu.US_004Test" name="clearCartileSepetiBosalt" time="0.0">
    <skipped/>
  </testcase> <!-- clearCartileSepetiBosalt -->
  <testcase classname="tests.HabibeTurkucu.US_004Test" name="cupponSecenegiOlmali" time="0.0">
    <skipped/>
  </testcase> <!-- cupponSecenegiOlmali -->
  <testcase classname="tests.HabibeTurkucu.US_004Test" name="kargoBilgileri" time="0.0">
    <skipped/>
  </testcase> <!-- kargoBilgileri -->
  <testcase classname="tests.HabibeTurkucu.US_004Test" name="odemeSayfasi" time="0.0">
    <skipped/>
  </testcase> <!-- odemeSayfasi -->
  <testcase classname="tests.HabibeTurkucu.US_004Test" name="sepetteUrunlerGoruntulenir" time="0.0">
    <skipped/>
  </testcase> <!-- sepetteUrunlerGoruntulenir -->
  <testcase classname="tests.HabibeTurkucu.US_004Test" name="urunSayisiArtirmaAzaltma" time="0.0">
    <skipped/>
  </testcase> <!-- urunSayisiArtirmaAzaltma -->
  <testcase classname="tests.Team34.US_005Test" name="TC01" time="0.0">
    <skipped/>
  </testcase> <!-- TC01 -->
  <testcase classname="tests.Team34.US_005Test" name="TC02" time="0.0">
    <skipped/>
  </testcase> <!-- TC02 -->
  <testcase classname="tests.Team34.US_005Test" name="TC03" time="0.0">
    <skipped/>
  </testcase> <!-- TC03 -->
  <testcase classname="tests.Team34.US_005Test" name="TC04" time="0.001">
    <skipped/>
  </testcase> <!-- TC04 -->
  <testcase classname="tests.Team34.US_005Test" name="TC05" time="0.0">
    <skipped/>
  </testcase> <!-- TC05 -->
</testsuite> <!-- Command line test -->
